Using pre-set license
Built from '2020.3/staging' branch; Version is '2020.3.23f1 (c5d91304a876) revision 12966163'; Using compiler version '192528614'; Build Type 'Release'
OS: 'Windows 10 Pro; OS build 19044.1706; Version 2009; 64bit' Language: 'pt' Physical Memory: 16178 MB
BatchMode: 1, IsHumanControllingUs: 0, StartBugReporterOnCrash: 0, Is64bit: 1, IsPro: 0

COMMAND LINE ARGUMENTS:
C:\Program Files\Unity\Hub\Editor\2020.3.23f1\Editor\Unity.exe
-adb2
-batchMode
-noUpm
-name
AssetImportWorker0
-projectPath
C:/Users/yurir/OneDrive/Documentos/GitHub/SamuraiVR/SamuraiVRUnity
-logFile
Logs/AssetImportWorker0.log
-srvPort
62097
Successfully changed project path to: C:/Users/yurir/OneDrive/Documentos/GitHub/SamuraiVR/SamuraiVRUnity
C:/Users/yurir/OneDrive/Documentos/GitHub/SamuraiVR/SamuraiVRUnity
Using Asset Import Pipeline V2.
Refreshing native plugins compatible for Editor in 110.24 ms, found 10 plugins.
Preloading 1 native plugins for Editor in 2.60 ms.
Initialize engine version: 2020.3.23f1 (c5d91304a876)
[Subsystems] Discovering subsystems at path C:/Program Files/Unity/Hub/Editor/2020.3.23f1/Editor/Data/Resources/UnitySubsystems
[Subsystems] Discovering subsystems at path C:/Users/yurir/OneDrive/Documentos/GitHub/SamuraiVR/SamuraiVRUnity/Assets
GfxDevice: creating device client; threaded=0
Direct3D:
    Version:  Direct3D 11.0 [level 11.1]
    Renderer: NVIDIA GeForce GTX 1060 with Max-Q Design (ID=0x1c20)
    Vendor:   
    VRAM:     6052 MB
    Driver:   27.21.14.6611
Initialize mono
Mono path[0] = 'C:/Program Files/Unity/Hub/Editor/2020.3.23f1/Editor/Data/Managed'
Mono path[1] = 'C:/Program Files/Unity/Hub/Editor/2020.3.23f1/Editor/Data/MonoBleedingEdge/lib/mono/unityjit'
Mono config path = 'C:/Program Files/Unity/Hub/Editor/2020.3.23f1/Editor/Data/MonoBleedingEdge/etc'
Using monoOptions --debugger-agent=transport=dt_socket,embedding=1,server=y,suspend=n,address=127.0.0.1:56192
Begin MonoManager ReloadAssembly
Registering precompiled unity dll's ...
Register platform support module: C:/Program Files/Unity/Hub/Editor/2020.3.23f1/Editor/Data/PlaybackEngines/WebGLSupport/UnityEditor.WebGL.Extensions.dll
Register platform support module: C:/Program Files/Unity/Hub/Editor/2020.3.23f1/Editor/Data/PlaybackEngines/WindowsStandaloneSupport/UnityEditor.WindowsStandalone.Extensions.dll
Registered in 0.008037 seconds.
Native extension for WindowsStandalone target not found
Native extension for WebGL target not found
Refreshing native plugins compatible for Editor in 50.54 ms, found 10 plugins.
Preloading 1 native plugins for Editor in 0.08 ms.
Mono: successfully reloaded assembly
- Completed reload, in  0.651 seconds
Domain Reload Profiling:
	ReloadAssembly (651ms)
		BeginReloadAssembly (56ms)
			ExecutionOrderSort (0ms)
			DisableScriptedObjects (0ms)
			BackupInstance (0ms)
			ReleaseScriptingObjects (0ms)
			CreateAndSetChildDomain (1ms)
		EndReloadAssembly (516ms)
			LoadAssemblies (58ms)
			RebuildTransferFunctionScriptingTraits (0ms)
			SetupTypeCache (167ms)
			ReleaseScriptCaches (0ms)
			RebuildScriptCaches (32ms)
			SetupLoadedEditorAssemblies (186ms)
				LogAssemblyErrors (0ms)
				InitializePlatformSupportModulesInManaged (5ms)
				SetLoadedEditorAssemblies (0ms)
				RefreshPlugins (51ms)
				BeforeProcessingInitializeOnLoad (22ms)
				ProcessInitializeOnLoadAttributes (79ms)
				ProcessInitializeOnLoadMethodAttributes (28ms)
				AfterProcessingInitializeOnLoad (0ms)
				EditorAssembliesLoaded (0ms)
			ExecutionOrderSort2 (0ms)
			AwakeInstancesAfterBackupRestoration (0ms)
Platform modules already initialized, skipping
Registering precompiled user dll's ...
Registered in 0.048648 seconds.
Begin MonoManager ReloadAssembly
Native extension for WindowsStandalone target not found
Native extension for WebGL target not found
Refreshing native plugins compatible for Editor in 57.17 ms, found 10 plugins.
Preloading 1 native plugins for Editor in 0.08 ms.
[XR] OculusXRPlugin: registering subsystems
[XR] Unable to register display lifecyle provider: [1]
[XR] Oculus Input lifecycle provider registered.
[XR] Unable to register input lifecyle provider: [1]
System.Reflection.TargetInvocationException: Exception has been thrown by the target of an invocation. ---> System.NullReferenceException: Object reference not set to an instance of an object
  at Unity.XR.Oculus.OculusLoader.AssetPathToAbsolutePath (System.String assetPath) [0x00048] in C:\Users\yurir\OneDrive\Documentos\GitHub\VR First project\Library\PackageCache\com.unity.xr.oculus@1.11.2\Runtime\OculusLoader.cs:250 
  at Unity.XR.Oculus.OculusLoader.EditorLoadOVRPlugin () [0x0007b] in C:\Users\yurir\OneDrive\Documentos\GitHub\VR First project\Library\PackageCache\com.unity.xr.oculus@1.11.2\Runtime\OculusLoader.cs:235 
  at (wrapper managed-to-native) System.Reflection.MonoMethod.InternalInvoke(System.Reflection.MonoMethod,object,object[],System.Exception&)
  at System.Reflection.MonoMethod.Invoke (System.Object obj, System.Reflection.BindingFlags invokeAttr, System.Reflection.Binder binder, System.Object[] parameters, System.Globalization.CultureInfo culture) [0x00032] in <695d1cc93cca45069c528c15c9fdd749>:0 
   --- End of inner exception stack trace ---
  at System.Reflection.MonoMethod.Invoke (System.Object obj, System.Reflection.BindingFlags invokeAttr, System.Reflection.Binder binder, System.Object[] parameters, System.Globalization.CultureInfo culture) [0x00048] in <695d1cc93cca45069c528c15c9fdd749>:0 
  at System.Reflection.MethodBase.Invoke (System.Object obj, System.Object[] parameters) [0x00000] in <695d1cc93cca45069c528c15c9fdd749>:0 
  at UnityEditor.EditorAssemblies.ProcessInitializeOnLoadMethodAttributes () [0x00047] in <ad50112e30b445fdbf80d5814c3cbcf6>:0 
UnityEngine.StackTraceUtility:ExtractStackTrace ()
UnityEngine.DebugLogHandler:LogFormat (UnityEngine.LogType,UnityEngine.Object,string,object[])
UnityEngine.Logger:Log (UnityEngine.LogType,object)
UnityEngine.Debug:LogError (object)
UnityEditor.EditorAssemblies:ProcessInitializeOnLoadMethodAttributes ()

Mono: successfully reloaded assembly
- Completed reload, in  1.459 seconds
Domain Reload Profiling:
	ReloadAssembly (1460ms)
		BeginReloadAssembly (148ms)
			ExecutionOrderSort (0ms)
			DisableScriptedObjects (5ms)
			BackupInstance (0ms)
			ReleaseScriptingObjects (0ms)
			CreateAndSetChildDomain (18ms)
		EndReloadAssembly (1245ms)
			LoadAssemblies (210ms)
			RebuildTransferFunctionScriptingTraits (0ms)
			SetupTypeCache (323ms)
			ReleaseScriptCaches (1ms)
			RebuildScriptCaches (65ms)
			SetupLoadedEditorAssemblies (490ms)
				LogAssemblyErrors (0ms)
				InitializePlatformSupportModulesInManaged (5ms)
				SetLoadedEditorAssemblies (0ms)
				RefreshPlugins (57ms)
				BeforeProcessingInitializeOnLoad (98ms)
				ProcessInitializeOnLoadAttributes (293ms)
				ProcessInitializeOnLoadMethodAttributes (29ms)
				AfterProcessingInitializeOnLoad (7ms)
				EditorAssembliesLoaded (0ms)
			ExecutionOrderSort2 (0ms)
			AwakeInstancesAfterBackupRestoration (6ms)
Platform modules already initialized, skipping
========================================================================
Worker process is ready to serve import requests
Launched and connected shader compiler UnityShaderCompiler.exe after 0.07 seconds
Refreshing native plugins compatible for Editor in 0.79 ms, found 10 plugins.
Preloading 1 native plugins for Editor in 0.09 ms.
Unloading 2332 Unused Serialized files (Serialized files now loaded: 0)
System memory in use before: 97.2 MB.
System memory in use after: 97.4 MB.

Unloading 41 unused Assets to reduce memory usage. Loaded Objects now: 2771.
Total: 3.670100 ms (FindLiveObjects: 0.260800 ms CreateObjectMapping: 0.103800 ms MarkObjects: 3.150800 ms  DeleteObjects: 0.153800 ms)

AssetImportParameters requested are different than current active one (requested -> active):
  custom:framework-win-MediaFoundation: 216162199b28c13a410421893ffa2e32 -> 
  custom:video-decoder-ogg-theora: a1e56fd34408186e4bbccfd4996cb3dc -> 
  custom:container-muxer-webm: aa71ff27fc2769a1b78a27578f13a17b -> 
  custom:container-demuxer-webm: 4f35f7cbe854078d1ac9338744f61a02 -> 
  custom:container-demuxer-ogg: 62fdf1f143b41e24485cea50d1cbac27 -> 
  custom:video-encoder-webm-vp8: eb34c28f22e8b96e1ab97ce403110664 -> 
  custom:video-decoder-webm-vp8: 9c59270c3fd7afecdb556c50c9e8de78 -> 
  custom:audio-decoder-ogg-vorbis: bf7c407c2cedff20999df2af8eb42d56 -> 
  custom:audio-encoder-webm-vorbis: bf7c407c2cedff20999df2af8eb42d56 -> 
========================================================================
Received Import Request.
  path: Assets/Prefab/Cube.prefab
  artifactKey: Guid(4d23fc3a9105ea845b221da7e9085193) Importer(815301076,1909f56bfc062723c751e8b465ee728b)
Start importing Assets/Prefab/Cube.prefab using Guid(4d23fc3a9105ea845b221da7e9085193) Importer(815301076,1909f56bfc062723c751e8b465ee728b)  -> (artifact id: 'a91fd16c8bc4ae2cad70ae2cf55ec3d7') in 0.115493 seconds 
  Import took 0.122215 seconds .

========================================================================
Received Import Request.
  Time since last request: 3.663405 seconds.
  path: Assets/Prefab/Cube.prefab
  artifactKey: Guid(4d23fc3a9105ea845b221da7e9085193) Importer(815301076,1909f56bfc062723c751e8b465ee728b)
Start importing Assets/Prefab/Cube.prefab using Guid(4d23fc3a9105ea845b221da7e9085193) Importer(815301076,1909f56bfc062723c751e8b465ee728b)  -> (artifact id: '13cc840dba07c8f3203d044a41589cc9') in 0.018501 seconds 
  Import took 0.028437 seconds .

========================================================================
Received Import Request.
  Time since last request: 6.645156 seconds.
  path: Assets/Prefab/Cube.prefab
  artifactKey: Guid(4d23fc3a9105ea845b221da7e9085193) Importer(815301076,1909f56bfc062723c751e8b465ee728b)
Start importing Assets/Prefab/Cube.prefab using Guid(4d23fc3a9105ea845b221da7e9085193) Importer(815301076,1909f56bfc062723c751e8b465ee728b)  -> (artifact id: '7ca1bdd599cd4d3ac8dcf510a457ff56') in 0.022638 seconds 
  Import took 0.030616 seconds .

========================================================================
Received Import Request.
  Time since last request: 4.615468 seconds.
  path: Assets/Prefab/Cube.prefab
  artifactKey: Guid(4d23fc3a9105ea845b221da7e9085193) Importer(815301076,1909f56bfc062723c751e8b465ee728b)
Start importing Assets/Prefab/Cube.prefab using Guid(4d23fc3a9105ea845b221da7e9085193) Importer(815301076,1909f56bfc062723c751e8b465ee728b)  -> (artifact id: 'b8162a0f39ec9a081e6c4ddbc131cb93') in 0.017001 seconds 
  Import took 0.023383 seconds .

========================================================================
Received Import Request.
  Time since last request: 4.232511 seconds.
  path: Assets/Prefab/Cube.prefab
  artifactKey: Guid(4d23fc3a9105ea845b221da7e9085193) Importer(815301076,1909f56bfc062723c751e8b465ee728b)
Start importing Assets/Prefab/Cube.prefab using Guid(4d23fc3a9105ea845b221da7e9085193) Importer(815301076,1909f56bfc062723c751e8b465ee728b)  -> (artifact id: 'b8f5c8543d71587d94f38c9cf9f6dece') in 0.019018 seconds 
  Import took 0.024235 seconds .

========================================================================
Received Import Request.
  Time since last request: 2.799401 seconds.
  path: Assets/Prefab/Cube.prefab
  artifactKey: Guid(4d23fc3a9105ea845b221da7e9085193) Importer(815301076,1909f56bfc062723c751e8b465ee728b)
Start importing Assets/Prefab/Cube.prefab using Guid(4d23fc3a9105ea845b221da7e9085193) Importer(815301076,1909f56bfc062723c751e8b465ee728b)  -> (artifact id: '6a095375e80ab77142ee7374ac8ba10e') in 0.014296 seconds 
  Import took 0.019506 seconds .

========================================================================
Received Import Request.
  Time since last request: 1.599831 seconds.
  path: Assets/Prefab/Cube.prefab
  artifactKey: Guid(4d23fc3a9105ea845b221da7e9085193) Importer(815301076,1909f56bfc062723c751e8b465ee728b)
Start importing Assets/Prefab/Cube.prefab using Guid(4d23fc3a9105ea845b221da7e9085193) Importer(815301076,1909f56bfc062723c751e8b465ee728b)  -> (artifact id: 'dc88745de99a1d6a90ada35e081d7f0a') in 0.014928 seconds 
  Import took 0.019848 seconds .

========================================================================
Received Import Request.
  Time since last request: 5.644069 seconds.
  path: Assets/Prefab/Cube.prefab
  artifactKey: Guid(4d23fc3a9105ea845b221da7e9085193) Importer(815301076,1909f56bfc062723c751e8b465ee728b)
Start importing Assets/Prefab/Cube.prefab using Guid(4d23fc3a9105ea845b221da7e9085193) Importer(815301076,1909f56bfc062723c751e8b465ee728b)  -> (artifact id: '09951731eb5489ed322649aca3e98b3e') in 0.017909 seconds 
  Import took 0.026459 seconds .

========================================================================
Received Import Request.
  Time since last request: 51.531144 seconds.
  path: Assets/Prefab/Cube.prefab
  artifactKey: Guid(4d23fc3a9105ea845b221da7e9085193) Importer(815301076,1909f56bfc062723c751e8b465ee728b)
Start importing Assets/Prefab/Cube.prefab using Guid(4d23fc3a9105ea845b221da7e9085193) Importer(815301076,1909f56bfc062723c751e8b465ee728b)  -> (artifact id: '2baa5473937633df3ac6f0f35ea57b0e') in 0.016906 seconds 
  Import took 0.025858 seconds .

========================================================================
Received Import Request.
  Time since last request: 8.082465 seconds.
  path: Assets/Prefab/blue.mat
  artifactKey: Guid(63d170b77dd860c4f8f1ceb418715eea) Importer(815301076,1909f56bfc062723c751e8b465ee728b)
Start importing Assets/Prefab/blue.mat using Guid(63d170b77dd860c4f8f1ceb418715eea) Importer(815301076,1909f56bfc062723c751e8b465ee728b)  -> (artifact id: 'c2044cf9865c89525ae5d0b61932d2e2') in 0.070624 seconds 
  Import took 0.082540 seconds .

========================================================================
Received Import Request.
  Time since last request: 4.866753 seconds.
  path: Assets/Prefab/green.mat
  artifactKey: Guid(faba977bb908d114ebb759e9bf6d9828) Importer(815301076,1909f56bfc062723c751e8b465ee728b)
Start importing Assets/Prefab/green.mat using Guid(faba977bb908d114ebb759e9bf6d9828) Importer(815301076,1909f56bfc062723c751e8b465ee728b)  -> (artifact id: '76f7922d31b1d03d401453dce36e4a69') in 0.019831 seconds 
  Import took 0.030517 seconds .

========================================================================
Received Import Request.
  Time since last request: 19.505262 seconds.
  path: Assets/Prefab/Cube.prefab
  artifactKey: Guid(4d23fc3a9105ea845b221da7e9085193) Importer(815301076,1909f56bfc062723c751e8b465ee728b)
Start importing Assets/Prefab/Cube.prefab using Guid(4d23fc3a9105ea845b221da7e9085193) Importer(815301076,1909f56bfc062723c751e8b465ee728b)  -> (artifact id: '8c035e2f26b1e878f1ce847eecb4f1f5') in 0.025533 seconds 
  Import took 0.033543 seconds .

========================================================================
Received Import Request.
  Time since last request: 4.167145 seconds.
  path: Assets/Prefab/Cube.prefab
  artifactKey: Guid(4d23fc3a9105ea845b221da7e9085193) Importer(815301076,1909f56bfc062723c751e8b465ee728b)
Start importing Assets/Prefab/Cube.prefab using Guid(4d23fc3a9105ea845b221da7e9085193) Importer(815301076,1909f56bfc062723c751e8b465ee728b)  -> (artifact id: '595a1ed0f14db0dca5700795a2d32c4a') in 0.016494 seconds 
  Import took 0.020806 seconds .

========================================================================
Received Import Request.
  Time since last request: 3.263529 seconds.
  path: Assets/Prefab/Cube.prefab
  artifactKey: Guid(4d23fc3a9105ea845b221da7e9085193) Importer(815301076,1909f56bfc062723c751e8b465ee728b)
Start importing Assets/Prefab/Cube.prefab using Guid(4d23fc3a9105ea845b221da7e9085193) Importer(815301076,1909f56bfc062723c751e8b465ee728b)  -> (artifact id: '98cb80f4f0f5a050fb8976a80b31868f') in 0.018695 seconds 
  Import took 0.029982 seconds .

========================================================================
Received Prepare
Refreshing native plugins compatible for Editor in 26.61 ms, found 10 plugins.
Preloading 1 native plugins for Editor in 0.09 ms.
Unloading 31 Unused Serialized files (Serialized files now loaded: 0)
System memory in use before: 55.0 MB.
System memory in use after: 55.3 MB.

Unloading 31 unused Assets to reduce memory usage. Loaded Objects now: 2812.
Total: 3.679500 ms (FindLiveObjects: 0.281700 ms CreateObjectMapping: 0.127900 ms MarkObjects: 3.247000 ms  DeleteObjects: 0.021800 ms)

AssetImportParameters requested are different than current active one (requested -> active):
  custom:framework-win-MediaFoundation: 216162199b28c13a410421893ffa2e32 -> 
  custom:video-decoder-ogg-theora: a1e56fd34408186e4bbccfd4996cb3dc -> 
  custom:container-muxer-webm: aa71ff27fc2769a1b78a27578f13a17b -> 
  custom:container-demuxer-webm: 4f35f7cbe854078d1ac9338744f61a02 -> 
  custom:container-demuxer-ogg: 62fdf1f143b41e24485cea50d1cbac27 -> 
  custom:video-encoder-webm-vp8: eb34c28f22e8b96e1ab97ce403110664 -> 
  custom:video-decoder-webm-vp8: 9c59270c3fd7afecdb556c50c9e8de78 -> 
  custom:audio-decoder-ogg-vorbis: bf7c407c2cedff20999df2af8eb42d56 -> 
  custom:audio-encoder-webm-vorbis: bf7c407c2cedff20999df2af8eb42d56 -> 
========================================================================
Received Import Request.
  Time since last request: 29.185779 seconds.
  path: Assets/Prefab/blue.mat
  artifactKey: Guid(63d170b77dd860c4f8f1ceb418715eea) Importer(815301076,1909f56bfc062723c751e8b465ee728b)
Start importing Assets/Prefab/blue.mat using Guid(63d170b77dd860c4f8f1ceb418715eea) Importer(815301076,1909f56bfc062723c751e8b465ee728b)  -> (artifact id: 'd4853f0a756e96fa765abe173934003c') in 0.023854 seconds 
  Import took 0.034656 seconds .

========================================================================
Received Import Request.
  Time since last request: 0.000316 seconds.
  path: Assets/Prefab/green.mat
  artifactKey: Guid(faba977bb908d114ebb759e9bf6d9828) Importer(815301076,1909f56bfc062723c751e8b465ee728b)
Start importing Assets/Prefab/green.mat using Guid(faba977bb908d114ebb759e9bf6d9828) Importer(815301076,1909f56bfc062723c751e8b465ee728b)  -> (artifact id: '57cf153285a1e4c5506b6736c7283e60') in 0.018710 seconds 
  Import took 0.024797 seconds .

========================================================================
Received Prepare
Refreshing native plugins compatible for Editor in 12.36 ms, found 10 plugins.
Preloading 1 native plugins for Editor in 0.10 ms.
Unloading 31 Unused Serialized files (Serialized files now loaded: 0)
System memory in use before: 55.0 MB.
System memory in use after: 55.3 MB.

Unloading 31 unused Assets to reduce memory usage. Loaded Objects now: 2812.
Total: 7.314300 ms (FindLiveObjects: 0.326300 ms CreateObjectMapping: 0.144300 ms MarkObjects: 6.794500 ms  DeleteObjects: 0.047500 ms)

AssetImportParameters requested are different than current active one (requested -> active):
  custom:framework-win-MediaFoundation: 216162199b28c13a410421893ffa2e32 -> 
  custom:video-decoder-ogg-theora: a1e56fd34408186e4bbccfd4996cb3dc -> 
  custom:container-muxer-webm: aa71ff27fc2769a1b78a27578f13a17b -> 
  custom:container-demuxer-webm: 4f35f7cbe854078d1ac9338744f61a02 -> 
  custom:container-demuxer-ogg: 62fdf1f143b41e24485cea50d1cbac27 -> 
  custom:video-encoder-webm-vp8: eb34c28f22e8b96e1ab97ce403110664 -> 
  custom:video-decoder-webm-vp8: 9c59270c3fd7afecdb556c50c9e8de78 -> 
  custom:audio-decoder-ogg-vorbis: bf7c407c2cedff20999df2af8eb42d56 -> 
  custom:audio-encoder-webm-vorbis: bf7c407c2cedff20999df2af8eb42d56 -> 
========================================================================
Received Prepare
Registering precompiled user dll's ...
Registered in 0.031872 seconds.
Begin MonoManager ReloadAssembly
Native extension for WindowsStandalone target not found
Native extension for WebGL target not found
Refreshing native plugins compatible for Editor in 0.72 ms, found 10 plugins.
Preloading 1 native plugins for Editor in 0.10 ms.
System.Reflection.TargetInvocationException: Exception has been thrown by the target of an invocation. ---> System.NullReferenceException: Object reference not set to an instance of an object
  at Unity.XR.Oculus.OculusLoader.AssetPathToAbsolutePath (System.String assetPath) [0x00048] in C:\Users\yurir\OneDrive\Documentos\GitHub\VR First project\Library\PackageCache\com.unity.xr.oculus@1.11.2\Runtime\OculusLoader.cs:250 
  at Unity.XR.Oculus.OculusLoader.EditorLoadOVRPlugin () [0x0007b] in C:\Users\yurir\OneDrive\Documentos\GitHub\VR First project\Library\PackageCache\com.unity.xr.oculus@1.11.2\Runtime\OculusLoader.cs:235 
  at (wrapper managed-to-native) System.Reflection.MonoMethod.InternalInvoke(System.Reflection.MonoMethod,object,object[],System.Exception&)
  at System.Reflection.MonoMethod.Invoke (System.Object obj, System.Reflection.BindingFlags invokeAttr, System.Reflection.Binder binder, System.Object[] parameters, System.Globalization.CultureInfo culture) [0x00032] in <695d1cc93cca45069c528c15c9fdd749>:0 
   --- End of inner exception stack trace ---
  at System.Reflection.MonoMethod.Invoke (System.Object obj, System.Reflection.BindingFlags invokeAttr, System.Reflection.Binder binder, System.Object[] parameters, System.Globalization.CultureInfo culture) [0x00048] in <695d1cc93cca45069c528c15c9fdd749>:0 
  at System.Reflection.MethodBase.Invoke (System.Object obj, System.Object[] parameters) [0x00000] in <695d1cc93cca45069c528c15c9fdd749>:0 
  at UnityEditor.EditorAssemblies.ProcessInitializeOnLoadMethodAttributes () [0x00047] in <ad50112e30b445fdbf80d5814c3cbcf6>:0 
UnityEngine.StackTraceUtility:ExtractStackTrace ()
UnityEngine.DebugLogHandler:LogFormat (UnityEngine.LogType,UnityEngine.Object,string,object[])
UnityEngine.Logger:Log (UnityEngine.LogType,object)
UnityEngine.Debug:LogError (object)
UnityEditor.EditorAssemblies:ProcessInitializeOnLoadMethodAttributes ()

Mono: successfully reloaded assembly
- Completed reload, in  1.632 seconds
Domain Reload Profiling:
	ReloadAssembly (1632ms)
		BeginReloadAssembly (159ms)
			ExecutionOrderSort (0ms)
			DisableScriptedObjects (4ms)
			BackupInstance (0ms)
			ReleaseScriptingObjects (0ms)
			CreateAndSetChildDomain (43ms)
		EndReloadAssembly (1344ms)
			LoadAssemblies (175ms)
			RebuildTransferFunctionScriptingTraits (0ms)
			SetupTypeCache (512ms)
			ReleaseScriptCaches (1ms)
			RebuildScriptCaches (43ms)
			SetupLoadedEditorAssemblies (422ms)
				LogAssemblyErrors (0ms)
				InitializePlatformSupportModulesInManaged (5ms)
				SetLoadedEditorAssemblies (0ms)
				RefreshPlugins (1ms)
				BeforeProcessingInitializeOnLoad (91ms)
				ProcessInitializeOnLoadAttributes (301ms)
				ProcessInitializeOnLoadMethodAttributes (17ms)
				AfterProcessingInitializeOnLoad (7ms)
				EditorAssembliesLoaded (0ms)
			ExecutionOrderSort2 (0ms)
			AwakeInstancesAfterBackupRestoration (7ms)
Platform modules already initialized, skipping
Switching build target platform(19) subTarget(0) extendedPlatform(0) -> platform(13) subTarget(524288) extendedPlatform(0)
Refreshing native plugins compatible for Editor in 0.77 ms, found 10 plugins.
Preloading 1 native plugins for Editor in 0.09 ms.
Unloading 2311 Unused Serialized files (Serialized files now loaded: 0)
System memory in use before: 99.9 MB.
System memory in use after: 100.1 MB.

Unloading 34 unused Assets to reduce memory usage. Loaded Objects now: 2815.
Total: 3.906200 ms (FindLiveObjects: 0.404600 ms CreateObjectMapping: 0.212000 ms MarkObjects: 3.260500 ms  DeleteObjects: 0.027900 ms)

AssetImportParameters requested are different than current active one (requested -> active):
  custom:framework-win-MediaFoundation: 216162199b28c13a410421893ffa2e32 -> 
  custom:video-decoder-ogg-theora: a1e56fd34408186e4bbccfd4996cb3dc -> 
  custom:container-muxer-webm: aa71ff27fc2769a1b78a27578f13a17b -> 
  custom:container-demuxer-webm: 4f35f7cbe854078d1ac9338744f61a02 -> 
  custom:container-demuxer-ogg: 62fdf1f143b41e24485cea50d1cbac27 -> 
  custom:video-encoder-webm-vp8: eb34c28f22e8b96e1ab97ce403110664 -> 
  custom:video-decoder-webm-vp8: 9c59270c3fd7afecdb556c50c9e8de78 -> 
  custom:graphics/normal-map-encoding: 01000000000000000000000000000000 -> 02000000000000000000000000000000
  custom:audio-decoder-ogg-vorbis: bf7c407c2cedff20999df2af8eb42d56 -> 
  custom:audio-encoder-webm-vorbis: bf7c407c2cedff20999df2af8eb42d56 -> 
========================================================================
Received Import Request.
  Time since last request: 605.727313 seconds.
  path: Assets/Far East Asset
  artifactKey: Guid(456dc2b2487cfd248b725cdcdf6668d4) Importer(815301076,1909f56bfc062723c751e8b465ee728b)
Start importing Assets/Far East Asset using Guid(456dc2b2487cfd248b725cdcdf6668d4) Importer(815301076,1909f56bfc062723c751e8b465ee728b)  -> (artifact id: '279f89b599293660db3fb30a66a33a24') in 0.011772 seconds 
  Import took 0.020707 seconds .

========================================================================
Received Import Request.
  Time since last request: 5.924941 seconds.
  path: Assets/Far East Asset/Bamboo
  artifactKey: Guid(ee04920da314b4147b3519a0e10c5c94) Importer(815301076,1909f56bfc062723c751e8b465ee728b)
Start importing Assets/Far East Asset/Bamboo using Guid(ee04920da314b4147b3519a0e10c5c94) Importer(815301076,1909f56bfc062723c751e8b465ee728b)  -> (artifact id: '53da29a81a9bdffb41e8b7ef5ca5245e') in 0.007133 seconds 
  Import took 0.016055 seconds .

========================================================================
Received Import Request.
  Time since last request: 4.177644 seconds.
  path: Assets/Far East Asset/Bamboo/Bamboo 01.FBX
  artifactKey: Guid(c5768818635d1d047921cebc04e44290) Importer(815301076,1909f56bfc062723c751e8b465ee728b)
Start importing Assets/Far East Asset/Bamboo/Bamboo 01.FBX using Guid(c5768818635d1d047921cebc04e44290) Importer(815301076,1909f56bfc062723c751e8b465ee728b)  -> (artifact id: '2d710ba39b274c28965c92169b0c7560') in 0.090710 seconds 
  Import took 0.094829 seconds .

========================================================================
Received Import Request.
  Time since last request: 10.946177 seconds.
  path: Assets/Far East Asset/Bamboo/Bamboo 01.FBX
  artifactKey: Guid(c5768818635d1d047921cebc04e44290) Importer(815301076,1909f56bfc062723c751e8b465ee728b)
Start importing Assets/Far East Asset/Bamboo/Bamboo 01.FBX using Guid(c5768818635d1d047921cebc04e44290) Importer(815301076,1909f56bfc062723c751e8b465ee728b)  -> (artifact id: 'bfe12dc3db690b510a85ec66cd6cbc42') in 0.014295 seconds 
  Import took 0.018656 seconds .

========================================================================
Received Import Request.
  Time since last request: 37.351842 seconds.
  path: Assets/Far East Asset/Bamboo/diffuse.tga
  artifactKey: Guid(5b31f321563af274b9ce9a8d1add84fb) Importer(815301076,1909f56bfc062723c751e8b465ee728b)
Start importing Assets/Far East Asset/Bamboo/diffuse.tga using Guid(5b31f321563af274b9ce9a8d1add84fb) Importer(815301076,1909f56bfc062723c751e8b465ee728b)  -> (artifact id: 'e133bb41c9c297f2befc4fd80a9e8323') in 0.045508 seconds 
  Import took 0.051332 seconds .

========================================================================
Received Import Request.
  Time since last request: 0.000304 seconds.
  path: Assets/Far East Asset/Bamboo/normal.tga
  artifactKey: Guid(43f0690006efb7d4a9e52a08a8baf50e) Importer(815301076,1909f56bfc062723c751e8b465ee728b)
Start importing Assets/Far East Asset/Bamboo/normal.tga using Guid(43f0690006efb7d4a9e52a08a8baf50e) Importer(815301076,1909f56bfc062723c751e8b465ee728b)  -> (artifact id: 'a719a39b39e30e25ded0ad9835a01fdb') in 0.026728 seconds 
  Import took 0.031845 seconds .

========================================================================
Received Import Request.
  Time since last request: 0.000332 seconds.
  path: Assets/Far East Asset/Bamboo/specular.tga
  artifactKey: Guid(5535c1dc7de38eb43ac0de974a312322) Importer(815301076,1909f56bfc062723c751e8b465ee728b)
Start importing Assets/Far East Asset/Bamboo/specular.tga using Guid(5535c1dc7de38eb43ac0de974a312322) Importer(815301076,1909f56bfc062723c751e8b465ee728b)  -> (artifact id: '01a60adaa3000d16826f7c576892731d') in 0.020852 seconds 
  Import took 0.025640 seconds .

========================================================================
Received Import Request.
  Time since last request: 6.442406 seconds.
  path: Assets/Far East Asset/Bamboo/bamboo.mat
  artifactKey: Guid(a3f305fc2ecd0c24d984743c40d36cd8) Importer(815301076,1909f56bfc062723c751e8b465ee728b)
Start importing Assets/Far East Asset/Bamboo/bamboo.mat using Guid(a3f305fc2ecd0c24d984743c40d36cd8) Importer(815301076,1909f56bfc062723c751e8b465ee728b)  -> (artifact id: '5e373d6c0c7ae85049a78d295374aa19') in 0.023057 seconds 
  Import took 0.032120 seconds .

========================================================================
Received Import Request.
  Time since last request: 176.654501 seconds.
  path: Assets/Far East Asset/Bamboo/Oyama-Senmaida1.jpg
  artifactKey: Guid(d245c302f468e1a4db78a2b7059d69ed) Importer(815301076,1909f56bfc062723c751e8b465ee728b)
Start importing Assets/Far East Asset/Bamboo/Oyama-Senmaida1.jpg using Guid(d245c302f468e1a4db78a2b7059d69ed) Importer(815301076,1909f56bfc062723c751e8b465ee728b)  -> (artifact id: 'f6fe9df8b4fde36dc808e5bdb7b0eaa1') in 0.033146 seconds 
  Import took 0.038140 seconds .

========================================================================
Received Import Request.
  Time since last request: 195.206573 seconds.
  path: Assets/Far East Asset/Bamboo/Green.mat
  artifactKey: Guid(5382716e2738cd548beebea5d3280c8d) Importer(815301076,1909f56bfc062723c751e8b465ee728b)
Start importing Assets/Far East Asset/Bamboo/Green.mat using Guid(5382716e2738cd548beebea5d3280c8d) Importer(815301076,1909f56bfc062723c751e8b465ee728b)  -> (artifact id: '3e5512aa7a93ec4c565304f20c4272f2') in 0.015150 seconds 
  Import took 0.023161 seconds .

========================================================================
Received Import Request.
  Time since last request: 29.090998 seconds.
  path: Assets/Far East Asset/Prefabs/decor
  artifactKey: Guid(27a5e5348499dc645ade0fa3ae76be6c) Importer(815301076,1909f56bfc062723c751e8b465ee728b)
Start importing Assets/Far East Asset/Prefabs/decor using Guid(27a5e5348499dc645ade0fa3ae76be6c) Importer(815301076,1909f56bfc062723c751e8b465ee728b)  -> (artifact id: '4b3688378762321aa5e343856bf9e724') in 0.012337 seconds 
  Import took 0.016682 seconds .

========================================================================
Received Import Request.
  Time since last request: 105.739885 seconds.
  path: Assets/Far East Asset/Prefabs/house/House Full.prefab
  artifactKey: Guid(08bf2342fa4e13f4b8c9c1aae2be2b5e) Importer(815301076,1909f56bfc062723c751e8b465ee728b)
Start importing Assets/Far East Asset/Prefabs/house/House Full.prefab using Guid(08bf2342fa4e13f4b8c9c1aae2be2b5e) Importer(815301076,1909f56bfc062723c751e8b465ee728b)  -> (artifact id: '833121cb43be686e1765443d48b8e005') in 2.979215 seconds 
  Import took 2.990847 seconds .

========================================================================
Received Prepare
Registering precompiled user dll's ...
Registered in 0.040114 seconds.
Begin MonoManager ReloadAssembly
Native extension for WindowsStandalone target not found
Native extension for WebGL target not found
Refreshing native plugins compatible for Editor in 0.88 ms, found 10 plugins.
Preloading 1 native plugins for Editor in 0.10 ms.
System.Reflection.TargetInvocationException: Exception has been thrown by the target of an invocation. ---> System.NullReferenceException: Object reference not set to an instance of an object
  at Unity.XR.Oculus.OculusLoader.AssetPathToAbsolutePath (System.String assetPath) [0x00048] in C:\Users\yurir\OneDrive\Documentos\GitHub\VR First project\Library\PackageCache\com.unity.xr.oculus@1.11.2\Runtime\OculusLoader.cs:250 
  at Unity.XR.Oculus.OculusLoader.EditorLoadOVRPlugin () [0x0007b] in C:\Users\yurir\OneDrive\Documentos\GitHub\VR First project\Library\PackageCache\com.unity.xr.oculus@1.11.2\Runtime\OculusLoader.cs:235 
  at (wrapper managed-to-native) System.Reflection.MonoMethod.InternalInvoke(System.Reflection.MonoMethod,object,object[],System.Exception&)
  at System.Reflection.MonoMethod.Invoke (System.Object obj, System.Reflection.BindingFlags invokeAttr, System.Reflection.Binder binder, System.Object[] parameters, System.Globalization.CultureInfo culture) [0x00032] in <695d1cc93cca45069c528c15c9fdd749>:0 
   --- End of inner exception stack trace ---
  at System.Reflection.MonoMethod.Invoke (System.Object obj, System.Reflection.BindingFlags invokeAttr, System.Reflection.Binder binder, System.Object[] parameters, System.Globalization.CultureInfo culture) [0x00048] in <695d1cc93cca45069c528c15c9fdd749>:0 
  at System.Reflection.MethodBase.Invoke (System.Object obj, System.Object[] parameters) [0x00000] in <695d1cc93cca45069c528c15c9fdd749>:0 
  at UnityEditor.EditorAssemblies.ProcessInitializeOnLoadMethodAttributes () [0x00047] in <ad50112e30b445fdbf80d5814c3cbcf6>:0 
UnityEngine.StackTraceUtility:ExtractStackTrace ()
UnityEngine.DebugLogHandler:LogFormat (UnityEngine.LogType,UnityEngine.Object,string,object[])
UnityEngine.Logger:Log (UnityEngine.LogType,object)
UnityEngine.Debug:LogError (object)
UnityEditor.EditorAssemblies:ProcessInitializeOnLoadMethodAttributes ()

Mono: successfully reloaded assembly
- Completed reload, in  1.373 seconds
Domain Reload Profiling:
	ReloadAssembly (1373ms)
		BeginReloadAssembly (155ms)
			ExecutionOrderSort (0ms)
			DisableScriptedObjects (5ms)
			BackupInstance (0ms)
			ReleaseScriptingObjects (0ms)
			CreateAndSetChildDomain (43ms)
		EndReloadAssembly (1133ms)
			LoadAssemblies (120ms)
			RebuildTransferFunctionScriptingTraits (0ms)
			SetupTypeCache (390ms)
			ReleaseScriptCaches (1ms)
			RebuildScriptCaches (45ms)
			SetupLoadedEditorAssemblies (415ms)
				LogAssemblyErrors (0ms)
				InitializePlatformSupportModulesInManaged (9ms)
				SetLoadedEditorAssemblies (1ms)
				RefreshPlugins (1ms)
				BeforeProcessingInitializeOnLoad (102ms)
				ProcessInitializeOnLoadAttributes (271ms)
				ProcessInitializeOnLoadMethodAttributes (24ms)
				AfterProcessingInitializeOnLoad (7ms)
				EditorAssembliesLoaded (0ms)
			ExecutionOrderSort2 (0ms)
			AwakeInstancesAfterBackupRestoration (8ms)
Platform modules already initialized, skipping
Switching build target platform(19) subTarget(0) extendedPlatform(0) -> platform(13) subTarget(524288) extendedPlatform(0)
Refreshing native plugins compatible for Editor in 0.77 ms, found 10 plugins.
Preloading 1 native plugins for Editor in 0.09 ms.
Unloading 2311 Unused Serialized files (Serialized files now loaded: 0)
System memory in use before: 100.1 MB.
System memory in use after: 100.4 MB.

Unloading 35 unused Assets to reduce memory usage. Loaded Objects now: 2824.
Total: 3.429300 ms (FindLiveObjects: 0.272500 ms CreateObjectMapping: 0.096900 ms MarkObjects: 3.026300 ms  DeleteObjects: 0.032600 ms)

AssetImportParameters requested are different than current active one (requested -> active):
  custom:framework-win-MediaFoundation: 216162199b28c13a410421893ffa2e32 -> 
  custom:video-decoder-ogg-theora: a1e56fd34408186e4bbccfd4996cb3dc -> 
  custom:container-muxer-webm: aa71ff27fc2769a1b78a27578f13a17b -> 
  custom:container-demuxer-webm: 4f35f7cbe854078d1ac9338744f61a02 -> 
  custom:container-demuxer-ogg: 62fdf1f143b41e24485cea50d1cbac27 -> 
  custom:video-encoder-webm-vp8: eb34c28f22e8b96e1ab97ce403110664 -> 
  custom:video-decoder-webm-vp8: 9c59270c3fd7afecdb556c50c9e8de78 -> 
  custom:graphics/normal-map-encoding: 01000000000000000000000000000000 -> 02000000000000000000000000000000
  custom:audio-decoder-ogg-vorbis: bf7c407c2cedff20999df2af8eb42d56 -> 
  custom:audio-encoder-webm-vorbis: bf7c407c2cedff20999df2af8eb42d56 -> 
========================================================================
Received Import Request.
  Time since last request: 483.251663 seconds.
  path: Assets/[YT2mp3.info] - Free Sound Effects - Nature Sounds Birds (Royalty free Nature Sounds No Copyright Sound Effects) (320kbps).mp3
  artifactKey: Guid(19b2a3b5f72681a459a9e18c0963de88) Importer(815301076,1909f56bfc062723c751e8b465ee728b)
Start importing Assets/[YT2mp3.info] - Free Sound Effects - Nature Sounds Birds (Royalty free Nature Sounds No Copyright Sound Effects) (320kbps).mp3 using Guid(19b2a3b5f72681a459a9e18c0963de88) Importer(815301076,1909f56bfc062723c751e8b465ee728b)  -> (artifact id: '7ee9d338a5a9a1f6e6e060413edc9968') in 0.056384 seconds 
  Import took 0.062077 seconds .

========================================================================
Received Import Request.
  Time since last request: 11.172744 seconds.
  path: Assets/BgSound.mp3
  artifactKey: Guid(19b2a3b5f72681a459a9e18c0963de88) Importer(815301076,1909f56bfc062723c751e8b465ee728b)
Start importing Assets/BgSound.mp3 using Guid(19b2a3b5f72681a459a9e18c0963de88) Importer(815301076,1909f56bfc062723c751e8b465ee728b)  -> (artifact id: '109166bf617f60cf967204be7d8b8e03') in 0.013868 seconds 
  Import took 0.021097 seconds .

========================================================================
Received Prepare
Refreshing native plugins compatible for Editor in 30.51 ms, found 10 plugins.
Preloading 1 native plugins for Editor in 0.17 ms.
Unloading 31 Unused Serialized files (Serialized files now loaded: 0)
System memory in use before: 55.5 MB.
System memory in use after: 55.7 MB.

Unloading 31 unused Assets to reduce memory usage. Loaded Objects now: 2827.
Total: 8.194600 ms (FindLiveObjects: 0.466100 ms CreateObjectMapping: 0.199900 ms MarkObjects: 7.427500 ms  DeleteObjects: 0.098200 ms)

AssetImportParameters requested are different than current active one (requested -> active):
  custom:framework-win-MediaFoundation: 216162199b28c13a410421893ffa2e32 -> 
  custom:video-decoder-ogg-theora: a1e56fd34408186e4bbccfd4996cb3dc -> 
  custom:container-muxer-webm: aa71ff27fc2769a1b78a27578f13a17b -> 
  custom:container-demuxer-webm: 4f35f7cbe854078d1ac9338744f61a02 -> 
  custom:container-demuxer-ogg: 62fdf1f143b41e24485cea50d1cbac27 -> 
  custom:video-encoder-webm-vp8: eb34c28f22e8b96e1ab97ce403110664 -> 
  custom:video-decoder-webm-vp8: 9c59270c3fd7afecdb556c50c9e8de78 -> 
  custom:audio-decoder-ogg-vorbis: bf7c407c2cedff20999df2af8eb42d56 -> 
  custom:audio-encoder-webm-vorbis: bf7c407c2cedff20999df2af8eb42d56 -> 
========================================================================
Received Import Request.
  Time since last request: 283.690606 seconds.
  path: Assets/seamless-green-grass-pattern_1284-52275.jpg
  artifactKey: Guid(6042bb44568841f4099c6299c83741e9) Importer(815301076,1909f56bfc062723c751e8b465ee728b)
Start importing Assets/seamless-green-grass-pattern_1284-52275.jpg using Guid(6042bb44568841f4099c6299c83741e9) Importer(815301076,1909f56bfc062723c751e8b465ee728b)  -> (artifact id: '88ecdb68d5446eed39765d2acdc997b2') in 0.036411 seconds 
  Import took 0.043073 seconds .

========================================================================
Received Import Request.
  Time since last request: 182.592069 seconds.
  path: Assets/Far East Asset/Models/Decors/bench/Unity3D_Tex/bench_DefaultMaterial_AlbedoTransparency.png
  artifactKey: Guid(697179056f9a51346b3f9bbd378139fb) Importer(815301076,1909f56bfc062723c751e8b465ee728b)
Start importing Assets/Far East Asset/Models/Decors/bench/Unity3D_Tex/bench_DefaultMaterial_AlbedoTransparency.png using Guid(697179056f9a51346b3f9bbd378139fb) Importer(815301076,1909f56bfc062723c751e8b465ee728b)  -> (artifact id: '428049bc886232aa49dae0c500e15b03') in 0.120263 seconds 
  Import took 0.124366 seconds .

========================================================================
Received Import Request.
  Time since last request: 0.000178 seconds.
  path: Assets/Far East Asset/Models/house/door/Unity3D_Tex/Door_door1_AO.png
  artifactKey: Guid(9c19dba0fc528694498acd511231654a) Importer(815301076,1909f56bfc062723c751e8b465ee728b)
Start importing Assets/Far East Asset/Models/house/door/Unity3D_Tex/Door_door1_AO.png using Guid(9c19dba0fc528694498acd511231654a) Importer(815301076,1909f56bfc062723c751e8b465ee728b)  -> (artifact id: '51f3e4fcad9174d029d7dd7a07c5b225') in 0.075690 seconds 
  Import took 0.080309 seconds .

========================================================================
Received Import Request.
  Time since last request: 0.000233 seconds.
  path: Assets/Far East Asset/Models/Decors/bench/Unity3D_Tex/bench_DefaultMaterial_Normal.png
  artifactKey: Guid(e9051676aa24fe04192b183dcfb3558a) Importer(815301076,1909f56bfc062723c751e8b465ee728b)
Start importing Assets/Far East Asset/Models/Decors/bench/Unity3D_Tex/bench_DefaultMaterial_Normal.png using Guid(e9051676aa24fe04192b183dcfb3558a) Importer(815301076,1909f56bfc062723c751e8b465ee728b)  -> (artifact id: '43dfd9711a104a14b3381f1eb15b8e4a') in 0.082985 seconds 
  Import took 0.087605 seconds .

========================================================================
Received Import Request.
  Time since last request: 0.000267 seconds.
  path: Assets/Far East Asset/Models/Decors/bench/Unity3D_Tex/bench_DefaultMaterial_MetallicSmoothness.png
  artifactKey: Guid(41d0ead523d539245bf237c22fc96948) Importer(815301076,1909f56bfc062723c751e8b465ee728b)
Start importing Assets/Far East Asset/Models/Decors/bench/Unity3D_Tex/bench_DefaultMaterial_MetallicSmoothness.png using Guid(41d0ead523d539245bf237c22fc96948) Importer(815301076,1909f56bfc062723c751e8b465ee728b)  -> (artifact id: '506fe07bcf401b05809424094d14f35e') in 0.091239 seconds 
  Import took 0.096092 seconds .

========================================================================
Received Import Request.
  Time since last request: 0.000198 seconds.
  path: Assets/Far East Asset/Models/Decors/bench/Unity3D_Tex/bench_DefaultMaterial_AO.png
  artifactKey: Guid(2c47bc8dac84c32408672550b55c0220) Importer(815301076,1909f56bfc062723c751e8b465ee728b)
Start importing Assets/Far East Asset/Models/Decors/bench/Unity3D_Tex/bench_DefaultMaterial_AO.png using Guid(2c47bc8dac84c32408672550b55c0220) Importer(815301076,1909f56bfc062723c751e8b465ee728b)  -> (artifact id: '87f71bb3767746a413dd2b580942350d') in 0.065356 seconds 
  Import took 0.073554 seconds .

========================================================================
Received Import Request.
  Time since last request: 0.000234 seconds.
  path: Assets/Far East Asset/Models/house/door/Unity3D_Tex/Door_door1_AlbedoTransparency.png
  artifactKey: Guid(eea507fedf03ec34f8917a739ebdcedb) Importer(815301076,1909f56bfc062723c751e8b465ee728b)
Start importing Assets/Far East Asset/Models/house/door/Unity3D_Tex/Door_door1_AlbedoTransparency.png using Guid(eea507fedf03ec34f8917a739ebdcedb) Importer(815301076,1909f56bfc062723c751e8b465ee728b)  -> (artifact id: '676aa7a7485ac4bb5772b6880ce583e3') in 0.085685 seconds 
  Import took 0.089586 seconds .

========================================================================
Received Import Request.
  Time since last request: 0.000225 seconds.
  path: Assets/Katana 4K/_Assets/texture/diffuse.png
  artifactKey: Guid(76660608d797c5f41ab71575c5568093) Importer(815301076,1909f56bfc062723c751e8b465ee728b)
Start importing Assets/Katana 4K/_Assets/texture/diffuse.png using Guid(76660608d797c5f41ab71575c5568093) Importer(815301076,1909f56bfc062723c751e8b465ee728b)  -> (artifact id: '3c879f586181e73d122eeb3444b4a786') in 0.071259 seconds 
  Import took 0.075916 seconds .

========================================================================
Received Import Request.
  Time since last request: 0.508221 seconds.
  path: Assets/Far East Asset/Models/house/door/Unity3D_Tex/Door_door1_MetallicSmoothness.png
  artifactKey: Guid(588c948788d4f2743b7a367987673138) Importer(815301076,1909f56bfc062723c751e8b465ee728b)
Start importing Assets/Far East Asset/Models/house/door/Unity3D_Tex/Door_door1_MetallicSmoothness.png using Guid(588c948788d4f2743b7a367987673138) Importer(815301076,1909f56bfc062723c751e8b465ee728b)  -> (artifact id: '13f491316d5b858342c8e4f6a99868fa') in 0.094278 seconds 
  Import took 0.098232 seconds .

========================================================================
Received Import Request.
  Time since last request: 0.000326 seconds.
  path: Assets/Far East Asset/Models/house/door/Unity3D_Tex/Door_door2_AO.png
  artifactKey: Guid(dd364579b4cefc1489b30741bf955aaf) Importer(815301076,1909f56bfc062723c751e8b465ee728b)
Start importing Assets/Far East Asset/Models/house/door/Unity3D_Tex/Door_door2_AO.png using Guid(dd364579b4cefc1489b30741bf955aaf) Importer(815301076,1909f56bfc062723c751e8b465ee728b)  -> (artifact id: '548b68068f42665d8c986bc9887888fb') in 0.063690 seconds 
  Import took 0.067546 seconds .

========================================================================
Received Import Request.
  Time since last request: 0.000322 seconds.
  path: Assets/Far East Asset/Models/house/door/Unity3D_Tex/Door_door2_AlbedoTransparency.png
  artifactKey: Guid(40ac8443df638764289b997abb464dec) Importer(815301076,1909f56bfc062723c751e8b465ee728b)
Start importing Assets/Far East Asset/Models/house/door/Unity3D_Tex/Door_door2_AlbedoTransparency.png using Guid(40ac8443df638764289b997abb464dec) Importer(815301076,1909f56bfc062723c751e8b465ee728b)  -> (artifact id: 'e8c367ece6f5f1dabfd92f7994362a4a') in 0.064435 seconds 
  Import took 0.068448 seconds .

========================================================================
Received Import Request.
  Time since last request: 0.000289 seconds.
  path: Assets/Far East Asset/Models/house/door/Unity3D_Tex/Door_door2_Normal.png
  artifactKey: Guid(4a9dfdd30e3a6ee44979819a0b68ed9a) Importer(815301076,1909f56bfc062723c751e8b465ee728b)
Start importing Assets/Far East Asset/Models/house/door/Unity3D_Tex/Door_door2_Normal.png using Guid(4a9dfdd30e3a6ee44979819a0b68ed9a) Importer(815301076,1909f56bfc062723c751e8b465ee728b)  -> (artifact id: 'a57692a183deac03d3729cbb602dd579') in 0.071453 seconds 
  Import took 0.075387 seconds .

========================================================================
Received Import Request.
  Time since last request: 0.000313 seconds.
  path: Assets/Far East Asset/Models/house/door/Unity3D_Tex/Door_door2_MetallicSmoothness.png
  artifactKey: Guid(0fbf76443173aef489fffa9ac85006f1) Importer(815301076,1909f56bfc062723c751e8b465ee728b)
Start importing Assets/Far East Asset/Models/house/door/Unity3D_Tex/Door_door2_MetallicSmoothness.png using Guid(0fbf76443173aef489fffa9ac85006f1) Importer(815301076,1909f56bfc062723c751e8b465ee728b)  -> (artifact id: '21d04555b615709f1b3b6e7540cd64da') in 0.078881 seconds 
  Import took 0.082646 seconds .

========================================================================
Received Import Request.
  Time since last request: 0.000428 seconds.
  path: Assets/Far East Asset/Models/house/door/Unity3D_Tex/Door_down_AlbedoTransparency.png
  artifactKey: Guid(27d90f6f0f6efa54f9208e6de02d20a5) Importer(815301076,1909f56bfc062723c751e8b465ee728b)
Start importing Assets/Far East Asset/Models/house/door/Unity3D_Tex/Door_down_AlbedoTransparency.png using Guid(27d90f6f0f6efa54f9208e6de02d20a5) Importer(815301076,1909f56bfc062723c751e8b465ee728b)  -> (artifact id: 'd2a98d752882867157e16de21c973f90') in 0.063805 seconds 
  Import took 0.068098 seconds .

========================================================================
Received Import Request.
  Time since last request: 0.000316 seconds.
  path: Assets/Far East Asset/Models/Decors/decor gate/tex/Gate Decor_DefaultMaterial_MetallicSmoothness.png
  artifactKey: Guid(9831ffa42ec45b14696236bed6d4932f) Importer(815301076,1909f56bfc062723c751e8b465ee728b)
Start importing Assets/Far East Asset/Models/Decors/decor gate/tex/Gate Decor_DefaultMaterial_MetallicSmoothness.png using Guid(9831ffa42ec45b14696236bed6d4932f) Importer(815301076,1909f56bfc062723c751e8b465ee728b)  -> (artifact id: '8548472f5ea2e3268aaa6bad6d7818e8') in 0.094886 seconds 
  Import took 0.098753 seconds .

========================================================================
Received Import Request.
  Time since last request: 0.000312 seconds.
  path: Assets/Far East Asset/Models/Decors/decor gate/tex/Gate Decor_DefaultMaterial_Normal.png
  artifactKey: Guid(07a046881bd9e064bb6b9a51bdce653c) Importer(815301076,1909f56bfc062723c751e8b465ee728b)
Start importing Assets/Far East Asset/Models/Decors/decor gate/tex/Gate Decor_DefaultMaterial_Normal.png using Guid(07a046881bd9e064bb6b9a51bdce653c) Importer(815301076,1909f56bfc062723c751e8b465ee728b)  -> (artifact id: '2541633245d3142c2ee35624b1c9a116') in 0.075411 seconds 
  Import took 0.079975 seconds .

========================================================================
Received Import Request.
  Time since last request: 0.000316 seconds.
  path: Assets/Far East Asset/Models/Decors/decor gate/tex/Gate Decor_DefaultMaterial_AO.png
  artifactKey: Guid(8c33f3b7d32c1734c825cbc6264142f3) Importer(815301076,1909f56bfc062723c751e8b465ee728b)
Start importing Assets/Far East Asset/Models/Decors/decor gate/tex/Gate Decor_DefaultMaterial_AO.png using Guid(8c33f3b7d32c1734c825cbc6264142f3) Importer(815301076,1909f56bfc062723c751e8b465ee728b)  -> (artifact id: '0a28fe47fce91e42cf9e0519e3a42e41') in 0.068084 seconds 
  Import took 0.071911 seconds .

========================================================================
Received Import Request.
  Time since last request: 0.000308 seconds.
  path: Assets/Far East Asset/Models/Decors/decor gate/tex/Gate Decor_DefaultMaterial_AlbedoTransparency.png
  artifactKey: Guid(d6b0908bf999c0948832788f7c7303e2) Importer(815301076,1909f56bfc062723c751e8b465ee728b)
Start importing Assets/Far East Asset/Models/Decors/decor gate/tex/Gate Decor_DefaultMaterial_AlbedoTransparency.png using Guid(d6b0908bf999c0948832788f7c7303e2) Importer(815301076,1909f56bfc062723c751e8b465ee728b)  -> (artifact id: 'f2b2fa827109d714beb4418f7a981eb3') in 0.084696 seconds 
  Import took 0.088787 seconds .

========================================================================
Received Import Request.
  Time since last request: 0.000317 seconds.
  path: Assets/Far East Asset/Models/house/door/Unity3D_Tex/Door_door1_Normal.png
  artifactKey: Guid(bed5efdc8a08b9247be6b742a6ff6aff) Importer(815301076,1909f56bfc062723c751e8b465ee728b)
Start importing Assets/Far East Asset/Models/house/door/Unity3D_Tex/Door_door1_Normal.png using Guid(bed5efdc8a08b9247be6b742a6ff6aff) Importer(815301076,1909f56bfc062723c751e8b465ee728b)  -> (artifact id: 'f6c2a182421114ca709cde252a94ae83') in 0.071482 seconds 
  Import took 0.075211 seconds .

========================================================================
Received Import Request.
  Time since last request: 0.000211 seconds.
  path: Assets/Far East Asset/Models/house/door/Unity3D_Tex/Door_down_AO.png
  artifactKey: Guid(abb2f1a19e10ced46bcfd21db9d83203) Importer(815301076,1909f56bfc062723c751e8b465ee728b)
Start importing Assets/Far East Asset/Models/house/door/Unity3D_Tex/Door_down_AO.png using Guid(abb2f1a19e10ced46bcfd21db9d83203) Importer(815301076,1909f56bfc062723c751e8b465ee728b)  -> (artifact id: '892c8208d8d56de3bd5efb6b2a156aad') in 0.067289 seconds 
  Import took 0.074589 seconds .

========================================================================
Received Import Request.
  Time since last request: 0.557724 seconds.
  path: Assets/Far East Asset/Models/Gate/Unity3D_Tex/Gate_duvar_AlbedoTransparency.png
  artifactKey: Guid(21d58f4d5a9913a448704c7e8fa39825) Importer(815301076,1909f56bfc062723c751e8b465ee728b)
Start importing Assets/Far East Asset/Models/Gate/Unity3D_Tex/Gate_duvar_AlbedoTransparency.png using Guid(21d58f4d5a9913a448704c7e8fa39825) Importer(815301076,1909f56bfc062723c751e8b465ee728b)  -> (artifact id: 'c49c75779175f5e0d9fbb83a0492d1cc') in 0.080433 seconds 
  Import took 0.084812 seconds .

========================================================================
Received Import Request.
  Time since last request: 0.000324 seconds.
  path: Assets/Far East Asset/Models/Gate/Unity3D_Tex/Gate_duvar_MetallicSmoothness.png
  artifactKey: Guid(e562912068555104086fc74ab91e22be) Importer(815301076,1909f56bfc062723c751e8b465ee728b)
Start importing Assets/Far East Asset/Models/Gate/Unity3D_Tex/Gate_duvar_MetallicSmoothness.png using Guid(e562912068555104086fc74ab91e22be) Importer(815301076,1909f56bfc062723c751e8b465ee728b)  -> (artifact id: '6cb76b69a74d95bd86ec351bfc4beb83') in 0.100186 seconds 
  Import took 0.103906 seconds .

========================================================================
Received Import Request.
  Time since last request: 0.000308 seconds.
  path: Assets/Far East Asset/Models/Gate/Unity3D_Tex/Gate_kap1_AO.png
  artifactKey: Guid(307c7a7b30ecfe04c9ac2807afc999d2) Importer(815301076,1909f56bfc062723c751e8b465ee728b)
Start importing Assets/Far East Asset/Models/Gate/Unity3D_Tex/Gate_kap1_AO.png using Guid(307c7a7b30ecfe04c9ac2807afc999d2) Importer(815301076,1909f56bfc062723c751e8b465ee728b)  -> (artifact id: 'b2f997a3ca2191460b2ea24c34555848') in 0.080383 seconds 
  Import took 0.085014 seconds .

========================================================================
Received Import Request.
  Time since last request: 0.000311 seconds.
  path: Assets/Far East Asset/Models/Gate/Unity3D_Tex/Gate_duvar_Normal.png
  artifactKey: Guid(e59f0d4bde0b13c42bd27d133b64bf1d) Importer(815301076,1909f56bfc062723c751e8b465ee728b)
Start importing Assets/Far East Asset/Models/Gate/Unity3D_Tex/Gate_duvar_Normal.png using Guid(e59f0d4bde0b13c42bd27d133b64bf1d) Importer(815301076,1909f56bfc062723c751e8b465ee728b)  -> (artifact id: '8506f6ee24a5d5bf7db9a2343148535a') in 0.080917 seconds 
  Import took 0.088335 seconds .

========================================================================
Received Import Request.
  Time since last request: 0.000310 seconds.
  path: Assets/Far East Asset/Models/Gate/Unity3D_Tex/Gate_kap1_Normal.png
  artifactKey: Guid(02b4e9397cd07a4408667d77560504cb) Importer(815301076,1909f56bfc062723c751e8b465ee728b)
Start importing Assets/Far East Asset/Models/Gate/Unity3D_Tex/Gate_kap1_Normal.png using Guid(02b4e9397cd07a4408667d77560504cb) Importer(815301076,1909f56bfc062723c751e8b465ee728b)  -> (artifact id: 'd2544598955393b99b199b064343f5b4') in 0.076353 seconds 
  Import took 0.079656 seconds .

========================================================================
Received Import Request.
  Time since last request: 0.000315 seconds.
  path: Assets/Far East Asset/Models/Gate/Unity3D_Tex/Gate_kap2_AO.png
  artifactKey: Guid(2f702fbadcd9c6a4d9630ccd64ff9fa1) Importer(815301076,1909f56bfc062723c751e8b465ee728b)
Start importing Assets/Far East Asset/Models/Gate/Unity3D_Tex/Gate_kap2_AO.png using Guid(2f702fbadcd9c6a4d9630ccd64ff9fa1) Importer(815301076,1909f56bfc062723c751e8b465ee728b)  -> (artifact id: '9dfddfd49ae2dea3fce82f0910e51c39') in 0.074011 seconds 
  Import took 0.078647 seconds .

========================================================================
Received Import Request.
  Time since last request: 0.000321 seconds.
  path: Assets/Far East Asset/Models/Gate/Unity3D_Tex/Gate_kap1_MetallicSmoothness.png
  artifactKey: Guid(47627ae3472d1a148bc2712fd377031d) Importer(815301076,1909f56bfc062723c751e8b465ee728b)
Start importing Assets/Far East Asset/Models/Gate/Unity3D_Tex/Gate_kap1_MetallicSmoothness.png using Guid(47627ae3472d1a148bc2712fd377031d) Importer(815301076,1909f56bfc062723c751e8b465ee728b)  -> (artifact id: '7bceda8df49fe24fefb0cf9ad1630375') in 0.084767 seconds 
  Import took 0.088596 seconds .

========================================================================
Received Import Request.
  Time since last request: 0.000338 seconds.
  path: Assets/Far East Asset/Models/Gate/Unity3D_Tex/Gate_duvar_AO.png
  artifactKey: Guid(54ce0d8023b7dfb49996c67b11f1a41e) Importer(815301076,1909f56bfc062723c751e8b465ee728b)
Start importing Assets/Far East Asset/Models/Gate/Unity3D_Tex/Gate_duvar_AO.png using Guid(54ce0d8023b7dfb49996c67b11f1a41e) Importer(815301076,1909f56bfc062723c751e8b465ee728b)  -> (artifact id: '4edbf6048a9e504c3e45c5d796331b91') in 0.069863 seconds 
  Import took 0.074130 seconds .

========================================================================
Received Import Request.
  Time since last request: 0.000337 seconds.
  path: Assets/Far East Asset/Bamboo/normal.tga
  artifactKey: Guid(43f0690006efb7d4a9e52a08a8baf50e) Importer(815301076,1909f56bfc062723c751e8b465ee728b)
Start importing Assets/Far East Asset/Bamboo/normal.tga using Guid(43f0690006efb7d4a9e52a08a8baf50e) Importer(815301076,1909f56bfc062723c751e8b465ee728b)  -> (artifact id: 'b81eaeadd094a75fd2f6f33c5ade99f3') in 0.014493 seconds 
  Import took 0.019618 seconds .

========================================================================
Received Import Request.
  Time since last request: 0.000300 seconds.
  path: Assets/Far East Asset/Models/house/pole/Unity3D_Tex/pole_DefaultMaterial_AlbedoTransparency.png
  artifactKey: Guid(5fa18db4be035a4449661b5d9eb379f4) Importer(815301076,1909f56bfc062723c751e8b465ee728b)
Start importing Assets/Far East Asset/Models/house/pole/Unity3D_Tex/pole_DefaultMaterial_AlbedoTransparency.png using Guid(5fa18db4be035a4449661b5d9eb379f4) Importer(815301076,1909f56bfc062723c751e8b465ee728b)  -> (artifact id: '1efaf30ede735b6e82a049b6eb0dcc88') in 0.081395 seconds 
  Import took 0.085669 seconds .

========================================================================
Received Import Request.
  Time since last request: 0.000303 seconds.
  path: Assets/Katana 4K/_Assets/texture/normal.png
  artifactKey: Guid(6dd4815e383259f4f8ca863b520d74ba) Importer(815301076,1909f56bfc062723c751e8b465ee728b)
Start importing Assets/Katana 4K/_Assets/texture/normal.png using Guid(6dd4815e383259f4f8ca863b520d74ba) Importer(815301076,1909f56bfc062723c751e8b465ee728b)  -> (artifact id: 'b7b67bd42f4d604f812dc4ef031ce9a0') in 0.031698 seconds 
  Import took 0.035641 seconds .

========================================================================
Received Import Request.
  Time since last request: 0.000305 seconds.
  path: Assets/Far East Asset/Models/house/pole/Unity3D_Tex/pole_DefaultMaterial_AO.png
  artifactKey: Guid(0a89bfd5288ee9c4ca759c36471453dd) Importer(815301076,1909f56bfc062723c751e8b465ee728b)
Start importing Assets/Far East Asset/Models/house/pole/Unity3D_Tex/pole_DefaultMaterial_AO.png using Guid(0a89bfd5288ee9c4ca759c36471453dd) Importer(815301076,1909f56bfc062723c751e8b465ee728b)  -> (artifact id: '59721c8e5b43eeae63aa570f6c348e41') in 0.080886 seconds 
  Import took 0.085558 seconds .

========================================================================
Received Import Request.
  Time since last request: 0.000416 seconds.
  path: Assets/Far East Asset/Models/house/pole/Unity3D_Tex/pole_DefaultMaterial_Normal.png
  artifactKey: Guid(7003051af63ec4f4aba32a744d724881) Importer(815301076,1909f56bfc062723c751e8b465ee728b)
Start importing Assets/Far East Asset/Models/house/pole/Unity3D_Tex/pole_DefaultMaterial_Normal.png using Guid(7003051af63ec4f4aba32a744d724881) Importer(815301076,1909f56bfc062723c751e8b465ee728b)  -> (artifact id: '92b127b92c9e21fa42577a92bd94d4a9') in 0.084499 seconds 
  Import took 0.088261 seconds .

========================================================================
Received Import Request.
  Time since last request: 0.000277 seconds.
  path: Assets/Far East Asset/Models/house/roof/Unity3D_Tex/roof_DefaultMaterial_AO.png
  artifactKey: Guid(f0ca3eb44fc78e745b6f74c2181a54ed) Importer(815301076,1909f56bfc062723c751e8b465ee728b)
Start importing Assets/Far East Asset/Models/house/roof/Unity3D_Tex/roof_DefaultMaterial_AO.png using Guid(f0ca3eb44fc78e745b6f74c2181a54ed) Importer(815301076,1909f56bfc062723c751e8b465ee728b)  -> (artifact id: '88b9050c1d445c62cb4a5df0a7cfbe88') in 0.067991 seconds 
  Import took 0.071272 seconds .

========================================================================
Received Import Request.
  Time since last request: 0.000299 seconds.
  path: Assets/Far East Asset/Models/house/roof/Unity3D_Tex/roof_DefaultMaterial_AlbedoTransparency.png
  artifactKey: Guid(49b606fda68d306418d5597c2b0322db) Importer(815301076,1909f56bfc062723c751e8b465ee728b)
Start importing Assets/Far East Asset/Models/house/roof/Unity3D_Tex/roof_DefaultMaterial_AlbedoTransparency.png using Guid(49b606fda68d306418d5597c2b0322db) Importer(815301076,1909f56bfc062723c751e8b465ee728b)  -> (artifact id: '7c1887b94aa5da6e1ed814ba9256b4f7') in 0.067576 seconds 
  Import took 0.071148 seconds .

========================================================================
Received Import Request.
  Time since last request: 0.000294 seconds.
  path: Assets/Far East Asset/Models/house/roof_decor/Unity3D_Tex/roof_decor_1_DefaultMaterial_Normal.png
  artifactKey: Guid(e3afc51ffe9660d419304ec96dd66f79) Importer(815301076,1909f56bfc062723c751e8b465ee728b)
Start importing Assets/Far East Asset/Models/house/roof_decor/Unity3D_Tex/roof_decor_1_DefaultMaterial_Normal.png using Guid(e3afc51ffe9660d419304ec96dd66f79) Importer(815301076,1909f56bfc062723c751e8b465ee728b)  -> (artifact id: 'c7cfc58dd70147c8807071421bc71a35') in 0.077632 seconds 
  Import took 0.081642 seconds .

========================================================================
Received Import Request.
  Time since last request: 0.000292 seconds.
  path: Assets/Far East Asset/Models/Gate/Unity3D_Tex/Gate_kap2_MetallicSmoothness.png
  artifactKey: Guid(679158a2dd9ef2341ac5dc905e2e1324) Importer(815301076,1909f56bfc062723c751e8b465ee728b)
Start importing Assets/Far East Asset/Models/Gate/Unity3D_Tex/Gate_kap2_MetallicSmoothness.png using Guid(679158a2dd9ef2341ac5dc905e2e1324) Importer(815301076,1909f56bfc062723c751e8b465ee728b)  -> (artifact id: '382197aad29d45ca7ccfa0ccdf5c32a0') in 0.087761 seconds 
  Import took 0.091494 seconds .

========================================================================
Received Import Request.
  Time since last request: 0.000305 seconds.
  path: Assets/Far East Asset/Models/Gate/Unity3D_Tex/Gate_kap1_AlbedoTransparency.png
  artifactKey: Guid(9bd62215eb8103e4c883040afd919e5c) Importer(815301076,1909f56bfc062723c751e8b465ee728b)
Start importing Assets/Far East Asset/Models/Gate/Unity3D_Tex/Gate_kap1_AlbedoTransparency.png using Guid(9bd62215eb8103e4c883040afd919e5c) Importer(815301076,1909f56bfc062723c751e8b465ee728b)  -> (artifact id: '97ecee718fa3b19f48575ae76729d29d') in 0.073779 seconds 
  Import took 0.077338 seconds .

========================================================================
Received Import Request.
  Time since last request: 0.000319 seconds.
  path: Assets/Far East Asset/Models/Street_lamp/Unity3D_Tex/Street Lamp_DefaultMaterial_AlbedoTransparency.png
  artifactKey: Guid(52b20eff06fa13b449ef3afdb2ef3d22) Importer(815301076,1909f56bfc062723c751e8b465ee728b)
Start importing Assets/Far East Asset/Models/Street_lamp/Unity3D_Tex/Street Lamp_DefaultMaterial_AlbedoTransparency.png using Guid(52b20eff06fa13b449ef3afdb2ef3d22) Importer(815301076,1909f56bfc062723c751e8b465ee728b)  -> (artifact id: '5f3f9ad50b432e7a43e9b54f211807e9') in 0.063622 seconds 
  Import took 0.067346 seconds .

========================================================================
Received Import Request.
  Time since last request: 0.000394 seconds.
  path: Assets/Far East Asset/Models/Stair/Unity3D_Tex/Stair_DefaultMaterial_MetallicSmoothness.png
  artifactKey: Guid(27fa4e5fe9033b54387f164abe0b5262) Importer(815301076,1909f56bfc062723c751e8b465ee728b)
Start importing Assets/Far East Asset/Models/Stair/Unity3D_Tex/Stair_DefaultMaterial_MetallicSmoothness.png using Guid(27fa4e5fe9033b54387f164abe0b5262) Importer(815301076,1909f56bfc062723c751e8b465ee728b)  -> (artifact id: '11f1435663d970b446fe609200a89825') in 0.087985 seconds 
  Import took 0.091831 seconds .

========================================================================
Received Import Request.
  Time since last request: 0.000314 seconds.
  path: Assets/Far East Asset/Models/Stair/Unity3D_Tex/Stair_DefaultMaterial_Normal.png
  artifactKey: Guid(e64604e3f6e7b5c449b68b23a083d840) Importer(815301076,1909f56bfc062723c751e8b465ee728b)
Start importing Assets/Far East Asset/Models/Stair/Unity3D_Tex/Stair_DefaultMaterial_Normal.png using Guid(e64604e3f6e7b5c449b68b23a083d840) Importer(815301076,1909f56bfc062723c751e8b465ee728b)  -> (artifact id: '45747b041cdc64d08bde207fe1c5361c') in 0.075706 seconds 
  Import took 0.080538 seconds .

========================================================================
Received Import Request.
  Time since last request: 0.000254 seconds.
  path: Assets/Far East Asset/Models/Stair/Unity3D_Tex/Stair_DefaultMaterial_AO.png
  artifactKey: Guid(84edee3d59101d1449d8a973a8de06c3) Importer(815301076,1909f56bfc062723c751e8b465ee728b)
Start importing Assets/Far East Asset/Models/Stair/Unity3D_Tex/Stair_DefaultMaterial_AO.png using Guid(84edee3d59101d1449d8a973a8de06c3) Importer(815301076,1909f56bfc062723c751e8b465ee728b)  -> (artifact id: 'fff12aed78b7615aebe85831673124a6') in 0.071613 seconds 
  Import took 0.075265 seconds .

========================================================================
Received Import Request.
  Time since last request: 0.000318 seconds.
  path: Assets/Far East Asset/Models/Stair/Unity3D_Tex/Stair_DefaultMaterial_AlbedoTransparency.png
  artifactKey: Guid(428eb759d36028141b144e28b5a2b043) Importer(815301076,1909f56bfc062723c751e8b465ee728b)
Start importing Assets/Far East Asset/Models/Stair/Unity3D_Tex/Stair_DefaultMaterial_AlbedoTransparency.png using Guid(428eb759d36028141b144e28b5a2b043) Importer(815301076,1909f56bfc062723c751e8b465ee728b)  -> (artifact id: '5e6874c77d8ca73f041f98b3d9851efa') in 0.071302 seconds 
  Import took 0.074714 seconds .

========================================================================
Received Import Request.
  Time since last request: 0.000315 seconds.
  path: Assets/Katana 4K/_Assets/texture/specular.png
  artifactKey: Guid(9726f9e7dc1eb7240b662118dacd1e9d) Importer(815301076,1909f56bfc062723c751e8b465ee728b)
Start importing Assets/Katana 4K/_Assets/texture/specular.png using Guid(9726f9e7dc1eb7240b662118dacd1e9d) Importer(815301076,1909f56bfc062723c751e8b465ee728b)  -> (artifact id: 'a78436f5f4f305ae8456188aa728c079') in 0.013491 seconds 
  Import took 0.017348 seconds .

========================================================================
Received Import Request.
  Time since last request: 0.000378 seconds.
  path: Assets/Far East Asset/Models/house/pole/Unity3D_Tex/pole_DefaultMaterial_MetallicSmoothness.png
  artifactKey: Guid(d972872fba2c866419a5b9c037e87738) Importer(815301076,1909f56bfc062723c751e8b465ee728b)
Start importing Assets/Far East Asset/Models/house/pole/Unity3D_Tex/pole_DefaultMaterial_MetallicSmoothness.png using Guid(d972872fba2c866419a5b9c037e87738) Importer(815301076,1909f56bfc062723c751e8b465ee728b)  -> (artifact id: '2110c888da9b4a01465bc8188754b96c') in 0.076596 seconds 
  Import took 0.081180 seconds .

========================================================================
Received Import Request.
  Time since last request: 0.000318 seconds.
  path: Assets/Far East Asset/Models/house/roof_decor/Unity3D_Tex/roof_decor_1_DefaultMaterial_MetallicSmoothness.png
  artifactKey: Guid(78aac0fd8e4264a40950cf24ed38f492) Importer(815301076,1909f56bfc062723c751e8b465ee728b)
Start importing Assets/Far East Asset/Models/house/roof_decor/Unity3D_Tex/roof_decor_1_DefaultMaterial_MetallicSmoothness.png using Guid(78aac0fd8e4264a40950cf24ed38f492) Importer(815301076,1909f56bfc062723c751e8b465ee728b)  -> (artifact id: '08a831a8dbf04b95c5623fc0eb3f2a59') in 0.082768 seconds 
  Import took 0.086793 seconds .

========================================================================
Received Import Request.
  Time since last request: 0.000316 seconds.
  path: Assets/Far East Asset/Models/house/roof_decor/Unity3D_Tex/roof_decor_1_DefaultMaterial_AlbedoTransparency.png
  artifactKey: Guid(38eca06e747fd3248bda3b67daf0b9aa) Importer(815301076,1909f56bfc062723c751e8b465ee728b)
Start importing Assets/Far East Asset/Models/house/roof_decor/Unity3D_Tex/roof_decor_1_DefaultMaterial_AlbedoTransparency.png using Guid(38eca06e747fd3248bda3b67daf0b9aa) Importer(815301076,1909f56bfc062723c751e8b465ee728b)  -> (artifact id: '8163a19e0c737e180162f449d0d73cf3') in 0.063903 seconds 
  Import took 0.067611 seconds .

========================================================================
Received Import Request.
  Time since last request: 0.000330 seconds.
  path: Assets/Far East Asset/Models/house/roof/Unity3D_Tex/roof_DefaultMaterial_MetallicSmoothness.png
  artifactKey: Guid(63e4cab84c5a9364b97ad9b7c0fb6505) Importer(815301076,1909f56bfc062723c751e8b465ee728b)
Start importing Assets/Far East Asset/Models/house/roof/Unity3D_Tex/roof_DefaultMaterial_MetallicSmoothness.png using Guid(63e4cab84c5a9364b97ad9b7c0fb6505) Importer(815301076,1909f56bfc062723c751e8b465ee728b)  -> (artifact id: '2445f6b4d9883d36c6c490c1093db6a7') in 0.082838 seconds 
  Import took 0.086819 seconds .

========================================================================
Received Import Request.
  Time since last request: 0.000309 seconds.
  path: Assets/Far East Asset/Models/Gate/Unity3D_Tex/Gate_kap2_AlbedoTransparency.png
  artifactKey: Guid(3e1a1e77d890f794eb3b2141bff28037) Importer(815301076,1909f56bfc062723c751e8b465ee728b)
Start importing Assets/Far East Asset/Models/Gate/Unity3D_Tex/Gate_kap2_AlbedoTransparency.png using Guid(3e1a1e77d890f794eb3b2141bff28037) Importer(815301076,1909f56bfc062723c751e8b465ee728b)  -> (artifact id: 'ef85ad75dc0e662de58f4c51d5ad7939') in 0.082977 seconds 
  Import took 0.086977 seconds .

========================================================================
Received Import Request.
  Time since last request: 0.000251 seconds.
  path: Assets/Far East Asset/Models/house/roof/Unity3D_Tex/roof_DefaultMaterial_Normal.png
  artifactKey: Guid(af67d13e57387574380dfba7d478fa89) Importer(815301076,1909f56bfc062723c751e8b465ee728b)
Start importing Assets/Far East Asset/Models/house/roof/Unity3D_Tex/roof_DefaultMaterial_Normal.png using Guid(af67d13e57387574380dfba7d478fa89) Importer(815301076,1909f56bfc062723c751e8b465ee728b)  -> (artifact id: 'd9f4a702c171a6b29bf53f9ef57cd175') in 0.078416 seconds 
  Import took 0.081917 seconds .

========================================================================
Received Import Request.
  Time since last request: 0.000282 seconds.
  path: Assets/Far East Asset/Models/Gate/Unity3D_Tex/Gate_kap2_Normal.png
  artifactKey: Guid(97d466a590240ad4fb536abb78907d40) Importer(815301076,1909f56bfc062723c751e8b465ee728b)
Start importing Assets/Far East Asset/Models/Gate/Unity3D_Tex/Gate_kap2_Normal.png using Guid(97d466a590240ad4fb536abb78907d40) Importer(815301076,1909f56bfc062723c751e8b465ee728b)  -> (artifact id: '60b76a183e57cdca74ff70a5fc5159e9') in 0.074657 seconds 
  Import took 0.081928 seconds .

========================================================================
Received Prepare
Refreshing native plugins compatible for Editor in 8.57 ms, found 10 plugins.
Preloading 1 native plugins for Editor in 0.07 ms.
Unloading 31 Unused Serialized files (Serialized files now loaded: 0)
System memory in use before: 55.9 MB.
System memory in use after: 56.1 MB.

Unloading 31 unused Assets to reduce memory usage. Loaded Objects now: 2828.
Total: 4.602200 ms (FindLiveObjects: 0.266100 ms CreateObjectMapping: 0.089200 ms MarkObjects: 4.221000 ms  DeleteObjects: 0.025000 ms)

AssetImportParameters requested are different than current active one (requested -> active):
  custom:framework-win-MediaFoundation: 216162199b28c13a410421893ffa2e32 -> 
  custom:video-decoder-ogg-theora: a1e56fd34408186e4bbccfd4996cb3dc -> 
  custom:container-muxer-webm: aa71ff27fc2769a1b78a27578f13a17b -> 
  custom:container-demuxer-webm: 4f35f7cbe854078d1ac9338744f61a02 -> 
  custom:container-demuxer-ogg: 62fdf1f143b41e24485cea50d1cbac27 -> 
  custom:video-encoder-webm-vp8: eb34c28f22e8b96e1ab97ce403110664 -> 
  custom:video-decoder-webm-vp8: 9c59270c3fd7afecdb556c50c9e8de78 -> 
  custom:audio-decoder-ogg-vorbis: bf7c407c2cedff20999df2af8eb42d56 -> 
  custom:audio-encoder-webm-vorbis: bf7c407c2cedff20999df2af8eb42d56 -> 
========================================================================
Received Import Request.
  Time since last request: 189.061053 seconds.
  path: Assets/Prefab/NewLayer.terrainlayer
  artifactKey: Guid(e2c6013c7b22ff8479d270c268a39efe) Importer(815301076,1909f56bfc062723c751e8b465ee728b)
Start importing Assets/Prefab/NewLayer.terrainlayer using Guid(e2c6013c7b22ff8479d270c268a39efe) Importer(815301076,1909f56bfc062723c751e8b465ee728b)  -> (artifact id: 'bfd425b4b001e48823c8c4ddfe5c7d54') in 0.029936 seconds 
  Import took 0.034739 seconds .

AssetImportWorkerClient::OnTransportError - code=2 error=End of file
